CRITICAL - 2020-08-17 18:06:30 --> Call to undefined method App\Controllers\Admin\Comp::setLocation()
#0 /Users/gudals/Dev/equip/app/Controllers/BaseController.php(47): App\Controllers\BaseController->initSession()
#1 /Users/gudals/Dev/equip/system/CodeIgniter.php(887): App\Controllers\BaseController->initController(Object(CodeIgniter\HTTP\IncomingRequest), Object(CodeIgniter\HTTP\Response), Object(CodeIgniter\Log\Logger))
#2 /Users/gudals/Dev/equip/system/CodeIgniter.php(395): CodeIgniter\CodeIgniter->createController()
#3 /Users/gudals/Dev/equip/system/CodeIgniter.php(308): CodeIgniter\CodeIgniter->handleRequest(NULL, Object(Config\Cache), false)
#4 /Users/gudals/Dev/equip/public/index.php(45): CodeIgniter\CodeIgniter->run()
#5 /Users/gudals/Dev/equip/system/Commands/Server/rewrite.php(34): require_once('/Users/gudals/D...')
#6 {main}
CRITICAL - 2020-08-17 18:13:49 --> 이미 장비 할당이 되었습니다. 장비 사용 현황을 확인하세요.
#0 /Users/gudals/Dev/equip/app/Controllers/Admin/Equip.php(112): App\Controllers\CommController->unAuthorizedAjax('\xEC\x9D\xB4\xEB\xAF\xB8 \xEC\x9E\xA5\xEB\xB9\x84 \xED...')
#1 /Users/gudals/Dev/equip/system/CodeIgniter.php(914): App\Controllers\Admin\Equip->setEquipTasked()
#2 /Users/gudals/Dev/equip/system/CodeIgniter.php(400): CodeIgniter\CodeIgniter->runController(Object(App\Controllers\Admin\Equip))
#3 /Users/gudals/Dev/equip/system/CodeIgniter.php(308): CodeIgniter\CodeIgniter->handleRequest(NULL, Object(Config\Cache), false)
#4 /Users/gudals/Dev/equip/public/index.php(45): CodeIgniter\CodeIgniter->run()
#5 /Users/gudals/Dev/equip/system/Commands/Server/rewrite.php(34): require_once('/Users/gudals/D...')
#6 {main}
CRITICAL - 2020-08-17 22:34:39 --> 이미 장비 할당이 되었습니다. 장비 사용 현황을 확인하세요.
#0 /Users/gudals/Dev/equip/app/Controllers/Admin/Equip.php(112): App\Controllers\CommController->unAuthorizedAjax('\xEC\x9D\xB4\xEB\xAF\xB8 \xEC\x9E\xA5\xEB\xB9\x84 \xED...')
#1 /Users/gudals/Dev/equip/system/CodeIgniter.php(914): App\Controllers\Admin\Equip->setEquipTasked()
#2 /Users/gudals/Dev/equip/system/CodeIgniter.php(400): CodeIgniter\CodeIgniter->runController(Object(App\Controllers\Admin\Equip))
#3 /Users/gudals/Dev/equip/system/CodeIgniter.php(308): CodeIgniter\CodeIgniter->handleRequest(NULL, Object(Config\Cache), false)
#4 /Users/gudals/Dev/equip/public/index.php(45): CodeIgniter\CodeIgniter->run()
#5 /Users/gudals/Dev/equip/system/Commands/Server/rewrite.php(34): require_once('/Users/gudals/D...')
#6 {main}
CRITICAL - 2020-08-17 22:37:48 --> Undefined index: is_used
#0 /Users/gudals/Dev/equip/app/Controllers/Admin/Task.php(68): CodeIgniter\Debug\Exceptions->errorHandler(8, 'Undefined index...', '/Users/gudals/D...', 68, Array)
#1 /Users/gudals/Dev/equip/system/CodeIgniter.php(914): App\Controllers\Admin\Task->setTaskModified()
#2 /Users/gudals/Dev/equip/system/CodeIgniter.php(400): CodeIgniter\CodeIgniter->runController(Object(App\Controllers\Admin\Task))
#3 /Users/gudals/Dev/equip/system/CodeIgniter.php(308): CodeIgniter\CodeIgniter->handleRequest(NULL, Object(Config\Cache), false)
#4 /Users/gudals/Dev/equip/public/index.php(45): CodeIgniter\CodeIgniter->run()
#5 /Users/gudals/Dev/equip/system/Commands/Server/rewrite.php(34): require_once('/Users/gudals/D...')
#6 {main}
CRITICAL - 2020-08-17 22:38:07 --> Undefined index: is_used
#0 /Users/gudals/Dev/equip/app/Controllers/Admin/Task.php(68): CodeIgniter\Debug\Exceptions->errorHandler(8, 'Undefined index...', '/Users/gudals/D...', 68, Array)
#1 /Users/gudals/Dev/equip/system/CodeIgniter.php(914): App\Controllers\Admin\Task->setTaskModified()
#2 /Users/gudals/Dev/equip/system/CodeIgniter.php(400): CodeIgniter\CodeIgniter->runController(Object(App\Controllers\Admin\Task))
#3 /Users/gudals/Dev/equip/system/CodeIgniter.php(308): CodeIgniter\CodeIgniter->handleRequest(NULL, Object(Config\Cache), false)
#4 /Users/gudals/Dev/equip/public/index.php(45): CodeIgniter\CodeIgniter->run()
#5 /Users/gudals/Dev/equip/system/Commands/Server/rewrite.php(34): require_once('/Users/gudals/D...')
#6 {main}
CRITICAL - 2020-08-17 22:47:05 --> 이미 장비 할당이 되었습니다. 장비 사용 현황을 확인하세요.
#0 /Users/gudals/Dev/equip/app/Controllers/Admin/Equip.php(112): App\Controllers\CommController->unAuthorizedAjax('\xEC\x9D\xB4\xEB\xAF\xB8 \xEC\x9E\xA5\xEB\xB9\x84 \xED...')
#1 /Users/gudals/Dev/equip/system/CodeIgniter.php(914): App\Controllers\Admin\Equip->setEquipTasked()
#2 /Users/gudals/Dev/equip/system/CodeIgniter.php(400): CodeIgniter\CodeIgniter->runController(Object(App\Controllers\Admin\Equip))
#3 /Users/gudals/Dev/equip/system/CodeIgniter.php(308): CodeIgniter\CodeIgniter->handleRequest(NULL, Object(Config\Cache), false)
#4 /Users/gudals/Dev/equip/public/index.php(45): CodeIgniter\CodeIgniter->run()
#5 /Users/gudals/Dev/equip/system/Commands/Server/rewrite.php(34): require_once('/Users/gudals/D...')
#6 {main}
