CRITICAL - 2020-08-09 01:51:55 --> Host '59.14.51.47' is not allowed to connect to this MariaDB server
#0 /Users/gudals/Dev/equip/system/Database/BaseConnection.php(377): CodeIgniter\Database\MySQLi\Connection->connect(false)
#1 /Users/gudals/Dev/equip/system/Database/BaseConnection.php(643): CodeIgniter\Database\BaseConnection->initialize()
#2 /Users/gudals/Dev/equip/system/Database/BaseBuilder.php(1845): CodeIgniter\Database\BaseConnection->query('SELECT *\nFROM `...', Array, false)
#3 /Users/gudals/Dev/equip/system/Model.php(1716): CodeIgniter\Database\BaseBuilder->get()
#4 /Users/gudals/Dev/equip/app/Controllers/Admin/Equip.php(43): CodeIgniter\Model->__call('get', Array)
#5 /Users/gudals/Dev/equip/system/CodeIgniter.php(914): App\Controllers\Admin\Equip->edit()
#6 /Users/gudals/Dev/equip/system/CodeIgniter.php(400): CodeIgniter\CodeIgniter->runController(Object(App\Controllers\Admin\Equip))
#7 /Users/gudals/Dev/equip/system/CodeIgniter.php(308): CodeIgniter\CodeIgniter->handleRequest(NULL, Object(Config\Cache), false)
#8 /Users/gudals/Dev/equip/public/index.php(45): CodeIgniter\CodeIgniter->run()
#9 /Users/gudals/Dev/equip/system/Commands/Server/rewrite.php(34): require_once('/Users/gudals/D...')
#10 {main}
CRITICAL - 2020-08-09 02:00:50 --> There is no data to {0}.
#0 /Users/gudals/Dev/equip/system/Model.php(679): CodeIgniter\Database\Exceptions\DataException::forEmptyDataset('insert')
#1 /Users/gudals/Dev/equip/app/Controllers/Admin/Equip.php(64): CodeIgniter\Model->insert(NULL)
#2 /Users/gudals/Dev/equip/system/CodeIgniter.php(914): App\Controllers\Admin\Equip->setEquipSaved()
#3 /Users/gudals/Dev/equip/system/CodeIgniter.php(400): CodeIgniter\CodeIgniter->runController(Object(App\Controllers\Admin\Equip))
#4 /Users/gudals/Dev/equip/system/CodeIgniter.php(308): CodeIgniter\CodeIgniter->handleRequest(NULL, Object(Config\Cache), false)
#5 /Users/gudals/Dev/equip/public/index.php(45): CodeIgniter\CodeIgniter->run()
#6 /Users/gudals/Dev/equip/system/Commands/Server/rewrite.php(34): require_once('/Users/gudals/D...')
#7 {main}
CRITICAL - 2020-08-09 02:10:47 --> Unknown column 'request_ts' in 'field list'
#0 /Users/gudals/Dev/equip/system/Database/MySQLi/Connection.php(331): mysqli->query('INSERT INTO `eq...')
#1 /Users/gudals/Dev/equip/system/Database/BaseConnection.php(738): CodeIgniter\Database\MySQLi\Connection->execute('INSERT INTO `eq...')
#2 /Users/gudals/Dev/equip/system/Database/BaseConnection.php(666): CodeIgniter\Database\BaseConnection->simpleQuery('INSERT INTO `eq...')
#3 /Users/gudals/Dev/equip/system/Database/BaseBuilder.php(2234): CodeIgniter\Database\BaseConnection->query('INSERT INTO `eq...', Array, false)
#4 /Users/gudals/Dev/equip/system/Model.php(729): CodeIgniter\Database\BaseBuilder->insert()
#5 /Users/gudals/Dev/equip/app/Controllers/Admin/Equip.php(64): CodeIgniter\Model->insert(Array)
#6 /Users/gudals/Dev/equip/system/CodeIgniter.php(914): App\Controllers\Admin\Equip->setEquipSaved()
#7 /Users/gudals/Dev/equip/system/CodeIgniter.php(400): CodeIgniter\CodeIgniter->runController(Object(App\Controllers\Admin\Equip))
#8 /Users/gudals/Dev/equip/system/CodeIgniter.php(308): CodeIgniter\CodeIgniter->handleRequest(NULL, Object(Config\Cache), false)
#9 /Users/gudals/Dev/equip/public/index.php(45): CodeIgniter\CodeIgniter->run()
#10 /Users/gudals/Dev/equip/system/Commands/Server/rewrite.php(34): require_once('/Users/gudals/D...')
#11 {main}
CRITICAL - 2020-08-09 06:53:07 --> Undefined index: eq_no
#0 /Users/gudals/Dev/equip/app/Views/admin/equip_edit.php(6): CodeIgniter\Debug\Exceptions->errorHandler(8, 'Undefined index...', '/Users/gudals/D...', 6, Array)
#1 /Users/gudals/Dev/equip/system/View/View.php(246): include('/Users/gudals/D...')
#2 /Users/gudals/Dev/equip/system/Common.php(1087): CodeIgniter\View\View->render('admin/equip_edi...', Array, true)
#3 /Users/gudals/Dev/equip/app/Controllers/CommController.php(117): view('admin/equip_edi...', Array)
#4 /Users/gudals/Dev/equip/app/Controllers/Admin/Equip.php(65): App\Controllers\CommController->display('admin/equip_edi...', Array)
#5 /Users/gudals/Dev/equip/system/CodeIgniter.php(914): App\Controllers\Admin\Equip->edit()
#6 /Users/gudals/Dev/equip/system/CodeIgniter.php(400): CodeIgniter\CodeIgniter->runController(Object(App\Controllers\Admin\Equip))
#7 /Users/gudals/Dev/equip/system/CodeIgniter.php(308): CodeIgniter\CodeIgniter->handleRequest(NULL, Object(Config\Cache), false)
#8 /Users/gudals/Dev/equip/public/index.php(45): CodeIgniter\CodeIgniter->run()
#9 /Users/gudals/Dev/equip/system/Commands/Server/rewrite.php(34): require_once('/Users/gudals/D...')
#10 {main}
CRITICAL - 2020-08-09 06:53:28 --> Undefined index: comp_no
#0 /Users/gudals/Dev/equip/app/Views/admin/equip_edit.php(19): CodeIgniter\Debug\Exceptions->errorHandler(8, 'Undefined index...', '/Users/gudals/D...', 19, Array)
#1 /Users/gudals/Dev/equip/system/View/View.php(246): include('/Users/gudals/D...')
#2 /Users/gudals/Dev/equip/system/Common.php(1087): CodeIgniter\View\View->render('admin/equip_edi...', Array, true)
#3 /Users/gudals/Dev/equip/app/Controllers/CommController.php(117): view('admin/equip_edi...', Array)
#4 /Users/gudals/Dev/equip/app/Controllers/Admin/Equip.php(65): App\Controllers\CommController->display('admin/equip_edi...', Array)
#5 /Users/gudals/Dev/equip/system/CodeIgniter.php(914): App\Controllers\Admin\Equip->edit()
#6 /Users/gudals/Dev/equip/system/CodeIgniter.php(400): CodeIgniter\CodeIgniter->runController(Object(App\Controllers\Admin\Equip))
#7 /Users/gudals/Dev/equip/system/CodeIgniter.php(308): CodeIgniter\CodeIgniter->handleRequest(NULL, Object(Config\Cache), false)
#8 /Users/gudals/Dev/equip/public/index.php(45): CodeIgniter\CodeIgniter->run()
#9 /Users/gudals/Dev/equip/system/Commands/Server/rewrite.php(34): require_once('/Users/gudals/D...')
#10 {main}
CRITICAL - 2020-08-09 06:53:50 --> Undefined index: eq_code
#0 /Users/gudals/Dev/equip/app/Views/admin/equip_edit.php(31): CodeIgniter\Debug\Exceptions->errorHandler(8, 'Undefined index...', '/Users/gudals/D...', 31, Array)
#1 /Users/gudals/Dev/equip/system/View/View.php(246): include('/Users/gudals/D...')
#2 /Users/gudals/Dev/equip/system/Common.php(1087): CodeIgniter\View\View->render('admin/equip_edi...', Array, true)
#3 /Users/gudals/Dev/equip/app/Controllers/CommController.php(117): view('admin/equip_edi...', Array)
#4 /Users/gudals/Dev/equip/app/Controllers/Admin/Equip.php(65): App\Controllers\CommController->display('admin/equip_edi...', Array)
#5 /Users/gudals/Dev/equip/system/CodeIgniter.php(914): App\Controllers\Admin\Equip->edit()
#6 /Users/gudals/Dev/equip/system/CodeIgniter.php(400): CodeIgniter\CodeIgniter->runController(Object(App\Controllers\Admin\Equip))
#7 /Users/gudals/Dev/equip/system/CodeIgniter.php(308): CodeIgniter\CodeIgniter->handleRequest(NULL, Object(Config\Cache), false)
#8 /Users/gudals/Dev/equip/public/index.php(45): CodeIgniter\CodeIgniter->run()
#9 /Users/gudals/Dev/equip/system/Commands/Server/rewrite.php(34): require_once('/Users/gudals/D...')
#10 {main}
CRITICAL - 2020-08-09 07:11:40 --> Unknown column 'ep_no' in 'where clause'
#0 /Users/gudals/Dev/equip/system/Database/MySQLi/Connection.php(331): mysqli->query('UPDATE `eq_equi...')
#1 /Users/gudals/Dev/equip/system/Database/BaseConnection.php(738): CodeIgniter\Database\MySQLi\Connection->execute('UPDATE `eq_equi...')
#2 /Users/gudals/Dev/equip/system/Database/BaseConnection.php(666): CodeIgniter\Database\BaseConnection->simpleQuery('UPDATE `eq_equi...')
#3 /Users/gudals/Dev/equip/system/Database/BaseBuilder.php(2441): CodeIgniter\Database\BaseConnection->query('UPDATE `eq_equi...', Array, false)
#4 /Users/gudals/Dev/equip/system/Model.php(864): CodeIgniter\Database\BaseBuilder->update()
#5 /Users/gudals/Dev/equip/app/Controllers/Admin/Equip.php(82): CodeIgniter\Model->update()
#6 /Users/gudals/Dev/equip/system/CodeIgniter.php(914): App\Controllers\Admin\Equip->setEquipSaved()
#7 /Users/gudals/Dev/equip/system/CodeIgniter.php(400): CodeIgniter\CodeIgniter->runController(Object(App\Controllers\Admin\Equip))
#8 /Users/gudals/Dev/equip/system/CodeIgniter.php(308): CodeIgniter\CodeIgniter->handleRequest(NULL, Object(Config\Cache), false)
#9 /Users/gudals/Dev/equip/public/index.php(45): CodeIgniter\CodeIgniter->run()
#10 /Users/gudals/Dev/equip/system/Commands/Server/rewrite.php(34): require_once('/Users/gudals/D...')
#11 {main}
CRITICAL - 2020-08-09 07:12:59 --> Unknown column 'ep_no' in 'where clause'
#0 /Users/gudals/Dev/equip/system/Database/MySQLi/Connection.php(331): mysqli->query('UPDATE `eq_equi...')
#1 /Users/gudals/Dev/equip/system/Database/BaseConnection.php(738): CodeIgniter\Database\MySQLi\Connection->execute('UPDATE `eq_equi...')
#2 /Users/gudals/Dev/equip/system/Database/BaseConnection.php(666): CodeIgniter\Database\BaseConnection->simpleQuery('UPDATE `eq_equi...')
#3 /Users/gudals/Dev/equip/system/Database/BaseBuilder.php(2441): CodeIgniter\Database\BaseConnection->query('UPDATE `eq_equi...', Array, false)
#4 /Users/gudals/Dev/equip/system/Model.php(864): CodeIgniter\Database\BaseBuilder->update()
#5 /Users/gudals/Dev/equip/app/Controllers/Admin/Equip.php(82): CodeIgniter\Model->update()
#6 /Users/gudals/Dev/equip/system/CodeIgniter.php(914): App\Controllers\Admin\Equip->setEquipSaved()
#7 /Users/gudals/Dev/equip/system/CodeIgniter.php(400): CodeIgniter\CodeIgniter->runController(Object(App\Controllers\Admin\Equip))
#8 /Users/gudals/Dev/equip/system/CodeIgniter.php(308): CodeIgniter\CodeIgniter->handleRequest(NULL, Object(Config\Cache), false)
#9 /Users/gudals/Dev/equip/public/index.php(45): CodeIgniter\CodeIgniter->run()
#10 /Users/gudals/Dev/equip/system/Commands/Server/rewrite.php(34): require_once('/Users/gudals/D...')
#11 {main}
CRITICAL - 2020-08-09 07:16:45 --> Unknown column 'ep_no' in 'where clause'
#0 /Users/gudals/Dev/equip/system/Database/MySQLi/Connection.php(331): mysqli->query('UPDATE `eq_equi...')
#1 /Users/gudals/Dev/equip/system/Database/BaseConnection.php(738): CodeIgniter\Database\MySQLi\Connection->execute('UPDATE `eq_equi...')
#2 /Users/gudals/Dev/equip/system/Database/BaseConnection.php(666): CodeIgniter\Database\BaseConnection->simpleQuery('UPDATE `eq_equi...')
#3 /Users/gudals/Dev/equip/system/Database/BaseBuilder.php(2441): CodeIgniter\Database\BaseConnection->query('UPDATE `eq_equi...', Array, false)
#4 /Users/gudals/Dev/equip/system/Model.php(864): CodeIgniter\Database\BaseBuilder->update()
#5 /Users/gudals/Dev/equip/app/Controllers/Admin/Equip.php(82): CodeIgniter\Model->update()
#6 /Users/gudals/Dev/equip/system/CodeIgniter.php(914): App\Controllers\Admin\Equip->setEquipSaved()
#7 /Users/gudals/Dev/equip/system/CodeIgniter.php(400): CodeIgniter\CodeIgniter->runController(Object(App\Controllers\Admin\Equip))
#8 /Users/gudals/Dev/equip/system/CodeIgniter.php(308): CodeIgniter\CodeIgniter->handleRequest(NULL, Object(Config\Cache), false)
#9 /Users/gudals/Dev/equip/public/index.php(45): CodeIgniter\CodeIgniter->run()
#10 /Users/gudals/Dev/equip/system/Commands/Server/rewrite.php(34): require_once('/Users/gudals/D...')
#11 {main}
CRITICAL - 2020-08-09 07:23:49 --> Undefined variable: aCompList
#0 /Users/gudals/Dev/equip/app/Views/admin/equip.php(20): CodeIgniter\Debug\Exceptions->errorHandler(8, 'Undefined varia...', '/Users/gudals/D...', 20, Array)
#1 /Users/gudals/Dev/equip/system/View/View.php(246): include('/Users/gudals/D...')
#2 /Users/gudals/Dev/equip/system/Common.php(1087): CodeIgniter\View\View->render('admin/equip', Array, true)
#3 /Users/gudals/Dev/equip/app/Controllers/CommController.php(117): view('admin/equip', Array)
#4 /Users/gudals/Dev/equip/app/Controllers/Admin/Equip.php(38): App\Controllers\CommController->display('admin/equip', Array)
#5 /Users/gudals/Dev/equip/system/CodeIgniter.php(914): App\Controllers\Admin\Equip->index()
#6 /Users/gudals/Dev/equip/system/CodeIgniter.php(400): CodeIgniter\CodeIgniter->runController(Object(App\Controllers\Admin\Equip))
#7 /Users/gudals/Dev/equip/system/CodeIgniter.php(308): CodeIgniter\CodeIgniter->handleRequest(NULL, Object(Config\Cache), false)
#8 /Users/gudals/Dev/equip/public/index.php(45): CodeIgniter\CodeIgniter->run()
#9 /Users/gudals/Dev/equip/system/Commands/Server/rewrite.php(34): require_once('/Users/gudals/D...')
#10 {main}
CRITICAL - 2020-08-09 08:03:01 --> Undefined index: takein_dt
#0 /Users/gudals/Dev/equip/app/Views/admin/equip.php(106): CodeIgniter\Debug\Exceptions->errorHandler(8, 'Undefined index...', '/Users/gudals/D...', 106, Array)
#1 /Users/gudals/Dev/equip/system/View/View.php(246): include('/Users/gudals/D...')
#2 /Users/gudals/Dev/equip/system/Common.php(1087): CodeIgniter\View\View->render('admin/equip', Array, true)
#3 /Users/gudals/Dev/equip/app/Controllers/CommController.php(117): view('admin/equip', Array)
#4 /Users/gudals/Dev/equip/app/Controllers/Admin/Equip.php(39): App\Controllers\CommController->display('admin/equip', Array)
#5 /Users/gudals/Dev/equip/system/CodeIgniter.php(914): App\Controllers\Admin\Equip->index()
#6 /Users/gudals/Dev/equip/system/CodeIgniter.php(400): CodeIgniter\CodeIgniter->runController(Object(App\Controllers\Admin\Equip))
#7 /Users/gudals/Dev/equip/system/CodeIgniter.php(308): CodeIgniter\CodeIgniter->handleRequest(NULL, Object(Config\Cache), false)
#8 /Users/gudals/Dev/equip/public/index.php(45): CodeIgniter\CodeIgniter->run()
#9 /Users/gudals/Dev/equip/system/Commands/Server/rewrite.php(34): require_once('/Users/gudals/D...')
#10 {main}
