CRITICAL - 2020-08-08 06:59:28 --> Undefined variable: store_no
#0 /Users/gudals/Dev/equip/app/Views/template/header.php(108): CodeIgniter\Debug\Exceptions->errorHandler(8, 'Undefined varia...', '/Users/gudals/D...', 108, Array)
#1 /Users/gudals/Dev/equip/system/View/View.php(246): include('/Users/gudals/D...')
#2 /Users/gudals/Dev/equip/system/Common.php(1087): CodeIgniter\View\View->render('template/header', Array, true)
#3 /Users/gudals/Dev/equip/app/Controllers/CommController.php(116): view('template/header', Array)
#4 /Users/gudals/Dev/equip/app/Controllers/Admin/Comp.php(25): App\Controllers\CommController->display('admin/comp', Array)
#5 /Users/gudals/Dev/equip/system/CodeIgniter.php(914): App\Controllers\Admin\Comp->index()
#6 /Users/gudals/Dev/equip/system/CodeIgniter.php(400): CodeIgniter\CodeIgniter->runController(Object(App\Controllers\Admin\Comp))
#7 /Users/gudals/Dev/equip/system/CodeIgniter.php(308): CodeIgniter\CodeIgniter->handleRequest(NULL, Object(Config\Cache), false)
#8 /Users/gudals/Dev/equip/public/index.php(45): CodeIgniter\CodeIgniter->run()
#9 /Users/gudals/Dev/equip/system/Commands/Server/rewrite.php(34): require_once('/Users/gudals/D...')
#10 {main}
CRITICAL - 2020-08-08 07:01:08 --> Undefined variable: is_master
#0 /Users/gudals/Dev/equip/app/Views/template/header.php(112): CodeIgniter\Debug\Exceptions->errorHandler(8, 'Undefined varia...', '/Users/gudals/D...', 112, Array)
#1 /Users/gudals/Dev/equip/system/View/View.php(246): include('/Users/gudals/D...')
#2 /Users/gudals/Dev/equip/system/Common.php(1087): CodeIgniter\View\View->render('template/header', Array, true)
#3 /Users/gudals/Dev/equip/app/Controllers/CommController.php(116): view('template/header', Array)
#4 /Users/gudals/Dev/equip/app/Controllers/Admin/Comp.php(25): App\Controllers\CommController->display('admin/comp', Array)
#5 /Users/gudals/Dev/equip/system/CodeIgniter.php(914): App\Controllers\Admin\Comp->index()
#6 /Users/gudals/Dev/equip/system/CodeIgniter.php(400): CodeIgniter\CodeIgniter->runController(Object(App\Controllers\Admin\Comp))
#7 /Users/gudals/Dev/equip/system/CodeIgniter.php(308): CodeIgniter\CodeIgniter->handleRequest(NULL, Object(Config\Cache), false)
#8 /Users/gudals/Dev/equip/public/index.php(45): CodeIgniter\CodeIgniter->run()
#9 /Users/gudals/Dev/equip/system/Commands/Server/rewrite.php(34): require_once('/Users/gudals/D...')
#10 {main}
CRITICAL - 2020-08-08 07:10:01 --> There is no data to {0}.
#0 /Users/gudals/Dev/equip/system/Model.php(679): CodeIgniter\Database\Exceptions\DataException::forEmptyDataset('insert')
#1 /Users/gudals/Dev/equip/app/Controllers/Admin/Comp.php(38): CodeIgniter\Model->insert()
#2 /Users/gudals/Dev/equip/system/CodeIgniter.php(914): App\Controllers\Admin\Comp->setCompRegistered()
#3 /Users/gudals/Dev/equip/system/CodeIgniter.php(400): CodeIgniter\CodeIgniter->runController(Object(App\Controllers\Admin\Comp))
#4 /Users/gudals/Dev/equip/system/CodeIgniter.php(308): CodeIgniter\CodeIgniter->handleRequest(NULL, Object(Config\Cache), false)
#5 /Users/gudals/Dev/equip/public/index.php(45): CodeIgniter\CodeIgniter->run()
#6 /Users/gudals/Dev/equip/system/Commands/Server/rewrite.php(34): require_once('/Users/gudals/D...')
#7 {main}
CRITICAL - 2020-08-08 07:27:32 --> Undefined index: page
#0 /Users/gudals/Dev/equip/app/Views/admin/comp.php(22): CodeIgniter\Debug\Exceptions->errorHandler(8, 'Undefined index...', '/Users/gudals/D...', 22, Array)
#1 /Users/gudals/Dev/equip/system/View/View.php(246): include('/Users/gudals/D...')
#2 /Users/gudals/Dev/equip/system/Common.php(1087): CodeIgniter\View\View->render('admin/comp', Array, true)
#3 /Users/gudals/Dev/equip/app/Controllers/CommController.php(117): view('admin/comp', Array)
#4 /Users/gudals/Dev/equip/app/Controllers/Admin/Comp.php(26): App\Controllers\CommController->display('admin/comp', Array)
#5 /Users/gudals/Dev/equip/system/CodeIgniter.php(914): App\Controllers\Admin\Comp->index()
#6 /Users/gudals/Dev/equip/system/CodeIgniter.php(400): CodeIgniter\CodeIgniter->runController(Object(App\Controllers\Admin\Comp))
#7 /Users/gudals/Dev/equip/system/CodeIgniter.php(308): CodeIgniter\CodeIgniter->handleRequest(NULL, Object(Config\Cache), false)
#8 /Users/gudals/Dev/equip/public/index.php(45): CodeIgniter\CodeIgniter->run()
#9 /Users/gudals/Dev/equip/system/Commands/Server/rewrite.php(34): require_once('/Users/gudals/D...')
#10 {main}
CRITICAL - 2020-08-08 07:28:38 --> {0} is not a valid Pager template.
#0 /Users/gudals/Dev/equip/system/Pager/Pager.php(182): CodeIgniter\Pager\Exceptions\PagerException::forInvalidTemplate('admin_default')
#1 /Users/gudals/Dev/equip/system/Pager/Pager.php(162): CodeIgniter\Pager\Pager->displayLinks('default', 'admin_default')
#2 /Users/gudals/Dev/equip/app/Views/admin/comp.php(37): CodeIgniter\Pager\Pager->makeLinks(1, 20, 4, 'admin_default')
#3 /Users/gudals/Dev/equip/system/View/View.php(246): include('/Users/gudals/D...')
#4 /Users/gudals/Dev/equip/system/Common.php(1087): CodeIgniter\View\View->render('admin/comp', Array, true)
#5 /Users/gudals/Dev/equip/app/Controllers/CommController.php(117): view('admin/comp', Array)
#6 /Users/gudals/Dev/equip/app/Controllers/Admin/Comp.php(26): App\Controllers\CommController->display('admin/comp', Array)
#7 /Users/gudals/Dev/equip/system/CodeIgniter.php(914): App\Controllers\Admin\Comp->index()
#8 /Users/gudals/Dev/equip/system/CodeIgniter.php(400): CodeIgniter\CodeIgniter->runController(Object(App\Controllers\Admin\Comp))
#9 /Users/gudals/Dev/equip/system/CodeIgniter.php(308): CodeIgniter\CodeIgniter->handleRequest(NULL, Object(Config\Cache), false)
#10 /Users/gudals/Dev/equip/public/index.php(45): CodeIgniter\CodeIgniter->run()
#11 /Users/gudals/Dev/equip/system/Commands/Server/rewrite.php(34): require_once('/Users/gudals/D...')
#12 {main}
CRITICAL - 2020-08-08 07:30:07 --> {0} is not a valid Pager template.
#0 /Users/gudals/Dev/equip/system/Pager/Pager.php(182): CodeIgniter\Pager\Exceptions\PagerException::forInvalidTemplate('admin_default')
#1 /Users/gudals/Dev/equip/system/Pager/Pager.php(162): CodeIgniter\Pager\Pager->displayLinks('default', 'admin_default')
#2 /Users/gudals/Dev/equip/app/Views/admin/comp.php(37): CodeIgniter\Pager\Pager->makeLinks(1, 20, 4, 'admin_default')
#3 /Users/gudals/Dev/equip/system/View/View.php(246): include('/Users/gudals/D...')
#4 /Users/gudals/Dev/equip/system/Common.php(1087): CodeIgniter\View\View->render('admin/comp', Array, true)
#5 /Users/gudals/Dev/equip/app/Controllers/CommController.php(117): view('admin/comp', Array)
#6 /Users/gudals/Dev/equip/app/Controllers/Admin/Comp.php(26): App\Controllers\CommController->display('admin/comp', Array)
#7 /Users/gudals/Dev/equip/system/CodeIgniter.php(914): App\Controllers\Admin\Comp->index()
#8 /Users/gudals/Dev/equip/system/CodeIgniter.php(400): CodeIgniter\CodeIgniter->runController(Object(App\Controllers\Admin\Comp))
#9 /Users/gudals/Dev/equip/system/CodeIgniter.php(308): CodeIgniter\CodeIgniter->handleRequest(NULL, Object(Config\Cache), false)
#10 /Users/gudals/Dev/equip/public/index.php(45): CodeIgniter\CodeIgniter->run()
#11 /Users/gudals/Dev/equip/system/Commands/Server/rewrite.php(34): require_once('/Users/gudals/D...')
#12 {main}
CRITICAL - 2020-08-08 07:43:33 --> Undefined index: comp_type
#0 /Users/gudals/Dev/equip/app/Controllers/Admin/Comp.php(24): CodeIgniter\Debug\Exceptions->errorHandler(8, 'Undefined index...', '/Users/gudals/D...', 24, Array)
#1 /Users/gudals/Dev/equip/system/CodeIgniter.php(914): App\Controllers\Admin\Comp->index()
#2 /Users/gudals/Dev/equip/system/CodeIgniter.php(400): CodeIgniter\CodeIgniter->runController(Object(App\Controllers\Admin\Comp))
#3 /Users/gudals/Dev/equip/system/CodeIgniter.php(308): CodeIgniter\CodeIgniter->handleRequest(NULL, Object(Config\Cache), false)
#4 /Users/gudals/Dev/equip/public/index.php(45): CodeIgniter\CodeIgniter->run()
#5 /Users/gudals/Dev/equip/system/Commands/Server/rewrite.php(34): require_once('/Users/gudals/D...')
#6 {main}
CRITICAL - 2020-08-08 10:25:30 --> Undefined index: comp_type
#0 /Users/gudals/Dev/equip/app/Controllers/Admin/Comp.php(39): CodeIgniter\Debug\Exceptions->errorHandler(8, 'Undefined index...', '/Users/gudals/D...', 39, Array)
#1 /Users/gudals/Dev/equip/system/CodeIgniter.php(914): App\Controllers\Admin\Comp->setCompSaved()
#2 /Users/gudals/Dev/equip/system/CodeIgniter.php(400): CodeIgniter\CodeIgniter->runController(Object(App\Controllers\Admin\Comp))
#3 /Users/gudals/Dev/equip/system/CodeIgniter.php(308): CodeIgniter\CodeIgniter->handleRequest(NULL, Object(Config\Cache), false)
#4 /Users/gudals/Dev/equip/public/index.php(45): CodeIgniter\CodeIgniter->run()
#5 /Users/gudals/Dev/equip/system/Commands/Server/rewrite.php(34): require_once('/Users/gudals/D...')
#6 {main}
CRITICAL - 2020-08-08 10:26:14 --> Undefined index: comp_type
#0 /Users/gudals/Dev/equip/app/Controllers/Admin/Comp.php(39): CodeIgniter\Debug\Exceptions->errorHandler(8, 'Undefined index...', '/Users/gudals/D...', 39, Array)
#1 /Users/gudals/Dev/equip/system/CodeIgniter.php(914): App\Controllers\Admin\Comp->setCompSaved()
#2 /Users/gudals/Dev/equip/system/CodeIgniter.php(400): CodeIgniter\CodeIgniter->runController(Object(App\Controllers\Admin\Comp))
#3 /Users/gudals/Dev/equip/system/CodeIgniter.php(308): CodeIgniter\CodeIgniter->handleRequest(NULL, Object(Config\Cache), false)
#4 /Users/gudals/Dev/equip/public/index.php(45): CodeIgniter\CodeIgniter->run()
#5 /Users/gudals/Dev/equip/system/Commands/Server/rewrite.php(34): require_once('/Users/gudals/D...')
#6 {main}
CRITICAL - 2020-08-08 10:28:34 --> There is no data to {0}.
#0 /Users/gudals/Dev/equip/system/Model.php(809): CodeIgniter\Database\Exceptions\DataException::forEmptyDataset('update')
#1 /Users/gudals/Dev/equip/app/Controllers/Admin/Comp.php(45): CodeIgniter\Model->update(Array)
#2 /Users/gudals/Dev/equip/system/CodeIgniter.php(914): App\Controllers\Admin\Comp->setCompSaved()
#3 /Users/gudals/Dev/equip/system/CodeIgniter.php(400): CodeIgniter\CodeIgniter->runController(Object(App\Controllers\Admin\Comp))
#4 /Users/gudals/Dev/equip/system/CodeIgniter.php(308): CodeIgniter\CodeIgniter->handleRequest(NULL, Object(Config\Cache), false)
#5 /Users/gudals/Dev/equip/public/index.php(45): CodeIgniter\CodeIgniter->run()
#6 /Users/gudals/Dev/equip/system/Commands/Server/rewrite.php(34): require_once('/Users/gudals/D...')
#7 {main}
CRITICAL - 2020-08-08 10:40:22 --> You must use the "set" method to update an entry.
#0 /Users/gudals/Dev/equip/system/Database/BaseBuilder.php(2415): CodeIgniter\Database\BaseBuilder->validateUpdate()
#1 /Users/gudals/Dev/equip/system/Model.php(864): CodeIgniter\Database\BaseBuilder->update()
#2 /Users/gudals/Dev/equip/app/Controllers/Admin/Comp.php(76): CodeIgniter\Model->update()
#3 /Users/gudals/Dev/equip/system/CodeIgniter.php(914): App\Controllers\Admin\Comp->setCompDeleted()
#4 /Users/gudals/Dev/equip/system/CodeIgniter.php(400): CodeIgniter\CodeIgniter->runController(Object(App\Controllers\Admin\Comp))
#5 /Users/gudals/Dev/equip/system/CodeIgniter.php(308): CodeIgniter\CodeIgniter->handleRequest(NULL, Object(Config\Cache), false)
#6 /Users/gudals/Dev/equip/public/index.php(45): CodeIgniter\CodeIgniter->run()
#7 /Users/gudals/Dev/equip/system/Commands/Server/rewrite.php(34): require_once('/Users/gudals/D...')
#8 {main}
CRITICAL - 2020-08-08 21:59:44 --> Undefined variable: aCompType
#0 /Users/gudals/Dev/equip/app/Views/admin/equip.php(21): CodeIgniter\Debug\Exceptions->errorHandler(8, 'Undefined varia...', '/Users/gudals/D...', 21, Array)
#1 /Users/gudals/Dev/equip/system/View/View.php(246): include('/Users/gudals/D...')
#2 /Users/gudals/Dev/equip/system/Common.php(1087): CodeIgniter\View\View->render('admin/equip', Array, true)
#3 /Users/gudals/Dev/equip/app/Controllers/CommController.php(117): view('admin/equip', Array)
#4 /Users/gudals/Dev/equip/app/Controllers/Admin/Equip.php(30): App\Controllers\CommController->display('admin/equip', Array)
#5 /Users/gudals/Dev/equip/system/CodeIgniter.php(914): App\Controllers\Admin\Equip->index()
#6 /Users/gudals/Dev/equip/system/CodeIgniter.php(400): CodeIgniter\CodeIgniter->runController(Object(App\Controllers\Admin\Equip))
#7 /Users/gudals/Dev/equip/system/CodeIgniter.php(308): CodeIgniter\CodeIgniter->handleRequest(NULL, Object(Config\Cache), false)
#8 /Users/gudals/Dev/equip/public/index.php(45): CodeIgniter\CodeIgniter->run()
#9 /Users/gudals/Dev/equip/system/Commands/Server/rewrite.php(34): require_once('/Users/gudals/D...')
#10 {main}
CRITICAL - 2020-08-08 22:08:48 --> Undefined variable: aStore
#0 /Users/gudals/Dev/equip/app/Views/admin/equip_edit.php(17): CodeIgniter\Debug\Exceptions->errorHandler(8, 'Undefined varia...', '/Users/gudals/D...', 17, Array)
#1 /Users/gudals/Dev/equip/system/View/View.php(246): include('/Users/gudals/D...')
#2 /Users/gudals/Dev/equip/system/Common.php(1087): CodeIgniter\View\View->render('admin/equip_edi...', Array, true)
#3 /Users/gudals/Dev/equip/app/Controllers/CommController.php(117): view('admin/equip_edi...', Array)
#4 /Users/gudals/Dev/equip/app/Controllers/Admin/Equip.php(42): App\Controllers\CommController->display('admin/equip_edi...', Array)
#5 /Users/gudals/Dev/equip/system/CodeIgniter.php(914): App\Controllers\Admin\Equip->edit()
#6 /Users/gudals/Dev/equip/system/CodeIgniter.php(400): CodeIgniter\CodeIgniter->runController(Object(App\Controllers\Admin\Equip))
#7 /Users/gudals/Dev/equip/system/CodeIgniter.php(308): CodeIgniter\CodeIgniter->handleRequest(NULL, Object(Config\Cache), false)
#8 /Users/gudals/Dev/equip/public/index.php(45): CodeIgniter\CodeIgniter->run()
#9 /Users/gudals/Dev/equip/system/Commands/Server/rewrite.php(34): require_once('/Users/gudals/D...')
#10 {main}
